<?xml version="1.0" encoding="UTF-8"?>
<testng-results ignored="0" total="1" passed="1" failed="0" skipped="0">
  <reporter-output>
  </reporter-output>
  <suite started-at="2022-04-11T22:49:24 IST" name="Default suite" finished-at="2022-04-11T22:49:25 IST" duration-ms="823">
    <groups>
    </groups>
    <test started-at="2022-04-11T22:49:24 IST" name="Default test" finished-at="2022-04-11T22:49:25 IST" duration-ms="823">
      <class name="test.test1">
        <test-method signature="readData()[pri:0, instance:test.test1@3aefe5e5]" started-at="2022-04-11T22:49:24 IST" name="readData" finished-at="2022-04-11T22:49:25 IST" duration-ms="771" status="PASS">
          <reporter-output>
          </reporter-output>
        </test-method> <!-- readData -->
      </class> <!-- test.test1 -->
    </test> <!-- Default test -->
  </suite> <!-- Default suite -->
</testng-results>
